{"uid":"6ef2b687e8ab3a9e","name":"test_login","fullName":"test_t4.test_common_bases.test_1_login#test_login","historyId":"8725621e57324dc4b33304e397773d76","time":{"start":1654261682461,"stop":1654261682461,"duration":0},"description":"\n    1) Авторизация в системе T4MP.v2\n    2) Переход к листингу пайплайнов\n    ","descriptionHtml":"<pre><code>1) Авторизация в системе T4MP.v2\n2) Переход к листингу пайплайнов\n</code></pre>\n","status":"broken","statusMessage":"selenium.common.exceptions.WebDriverException: Message: unknown error: Chrome failed to start: exited abnormally.\n  (unknown error: DevToolsActivePort file doesn't exist)\n  (The process started from chrome location /usr/bin/google-chrome is no longer running, so ChromeDriver is assuming that Chrome has crashed.)\nStacktrace:\n#0 0x558d7e283533 <unknown>\n#1 0x558d7dfe21e8 <unknown>\n#2 0x558d7e00554a <unknown>\n#3 0x558d7e000c4a <unknown>\n#4 0x558d7e03bd0a <unknown>\n#5 0x558d7e035e33 <unknown>\n#6 0x558d7e00b71a <unknown>\n#7 0x558d7e00c875 <unknown>\n#8 0x558d7e2c7e1d <unknown>\n#9 0x558d7e2cb751 <unknown>\n#10 0x558d7e2b207e <unknown>\n#11 0x558d7e2cc388 <unknown>\n#12 0x558d7e2a6fe0 <unknown>\n#13 0x558d7e2e8748 <unknown>\n#14 0x558d7e2e88c8 <unknown>\n#15 0x558d7e30270d <unknown>\n#16 0x7f566a04d609 <unknown>","statusTrace":"get_chrome_options = <selenium.webdriver.chrome.options.Options object at 0x7f001b195090>\n\n    @pytest.fixture\n    def get_webdriver(get_chrome_options):\n        options = get_chrome_options\n        # driver = webdriver.Remote(\n        #     command_executor=f\"http://selenium__standalone-chrome:4444/wd/hub\",\n        #     options=options\n        # )\n>       driver = webdriver.Chrome(options=options)\n\nconftest.py:22: \n_ _ _ _ _ _ _ _ _ _ _ _ _ _ _ _ _ _ _ _ _ _ _ _ _ _ _ _ _ _ _ _ _ _ _ _ _ _ _ _ \n/opt/hostedtoolcache/Python/3.10.4/x64/lib/python3.10/site-packages/selenium/webdriver/chrome/webdriver.py:70: in __init__\n    super(WebDriver, self).__init__(DesiredCapabilities.CHROME['browserName'], \"goog\",\n/opt/hostedtoolcache/Python/3.10.4/x64/lib/python3.10/site-packages/selenium/webdriver/chromium/webdriver.py:92: in __init__\n    RemoteWebDriver.__init__(\n/opt/hostedtoolcache/Python/3.10.4/x64/lib/python3.10/site-packages/selenium/webdriver/remote/webdriver.py:275: in __init__\n    self.start_session(capabilities, browser_profile)\n/opt/hostedtoolcache/Python/3.10.4/x64/lib/python3.10/site-packages/selenium/webdriver/remote/webdriver.py:365: in start_session\n    response = self.execute(Command.NEW_SESSION, parameters)\n/opt/hostedtoolcache/Python/3.10.4/x64/lib/python3.10/site-packages/selenium/webdriver/remote/webdriver.py:430: in execute\n    self.error_handler.check_response(response)\n_ _ _ _ _ _ _ _ _ _ _ _ _ _ _ _ _ _ _ _ _ _ _ _ _ _ _ _ _ _ _ _ _ _ _ _ _ _ _ _ \n\nself = <selenium.webdriver.remote.errorhandler.ErrorHandler object at 0x7f001b194a60>\nresponse = {'status': 500, 'value': '{\"value\":{\"error\":\"unknown error\",\"message\":\"unknown error: Chrome failed to start: exited a...\\\\n#14 0x558d7e2e88c8 \\\\u003Cunknown>\\\\n#15 0x558d7e30270d \\\\u003Cunknown>\\\\n#16 0x7f566a04d609 \\\\u003Cunknown>\\\\n\"}}'}\n\n    def check_response(self, response: Dict[str, Any]) -> None:\n        \"\"\"\n        Checks that a JSON response from the WebDriver does not have an error.\n    \n        :Args:\n         - response - The JSON response from the WebDriver server as a dictionary\n           object.\n    \n        :Raises: If the response contains an error message.\n        \"\"\"\n        status = response.get('status', None)\n        if not status or status == ErrorCode.SUCCESS:\n            return\n        value = None\n        message = response.get(\"message\", \"\")\n        screen: str = response.get(\"screen\", \"\")\n        stacktrace = None\n        if isinstance(status, int):\n            value_json = response.get('value', None)\n            if value_json and isinstance(value_json, str):\n                import json\n                try:\n                    value = json.loads(value_json)\n                    if len(value.keys()) == 1:\n                        value = value['value']\n                    status = value.get('error', None)\n                    if not status:\n                        status = value.get(\"status\", ErrorCode.UNKNOWN_ERROR)\n                        message = value.get(\"value\") or value.get(\"message\")\n                        if not isinstance(message, str):\n                            value = message\n                            message = message.get('message')\n                    else:\n                        message = value.get('message', None)\n                except ValueError:\n                    pass\n    \n        exception_class: Type[WebDriverException]\n        if status in ErrorCode.NO_SUCH_ELEMENT:\n            exception_class = NoSuchElementException\n        elif status in ErrorCode.NO_SUCH_FRAME:\n            exception_class = NoSuchFrameException\n        elif status in ErrorCode.NO_SUCH_SHADOW_ROOT:\n            exception_class = NoSuchShadowRootException\n        elif status in ErrorCode.NO_SUCH_WINDOW:\n            exception_class = NoSuchWindowException\n        elif status in ErrorCode.STALE_ELEMENT_REFERENCE:\n            exception_class = StaleElementReferenceException\n        elif status in ErrorCode.ELEMENT_NOT_VISIBLE:\n            exception_class = ElementNotVisibleException\n        elif status in ErrorCode.INVALID_ELEMENT_STATE:\n            exception_class = InvalidElementStateException\n        elif status in ErrorCode.INVALID_SELECTOR \\\n                or status in ErrorCode.INVALID_XPATH_SELECTOR \\\n                or status in ErrorCode.INVALID_XPATH_SELECTOR_RETURN_TYPER:\n            exception_class = InvalidSelectorException\n        elif status in ErrorCode.ELEMENT_IS_NOT_SELECTABLE:\n            exception_class = ElementNotSelectableException\n        elif status in ErrorCode.ELEMENT_NOT_INTERACTABLE:\n            exception_class = ElementNotInteractableException\n        elif status in ErrorCode.INVALID_COOKIE_DOMAIN:\n            exception_class = InvalidCookieDomainException\n        elif status in ErrorCode.UNABLE_TO_SET_COOKIE:\n            exception_class = UnableToSetCookieException\n        elif status in ErrorCode.TIMEOUT:\n            exception_class = TimeoutException\n        elif status in ErrorCode.SCRIPT_TIMEOUT:\n            exception_class = TimeoutException\n        elif status in ErrorCode.UNKNOWN_ERROR:\n            exception_class = WebDriverException\n        elif status in ErrorCode.UNEXPECTED_ALERT_OPEN:\n            exception_class = UnexpectedAlertPresentException\n        elif status in ErrorCode.NO_ALERT_OPEN:\n            exception_class = NoAlertPresentException\n        elif status in ErrorCode.IME_NOT_AVAILABLE:\n            exception_class = ImeNotAvailableException\n        elif status in ErrorCode.IME_ENGINE_ACTIVATION_FAILED:\n            exception_class = ImeActivationFailedException\n        elif status in ErrorCode.MOVE_TARGET_OUT_OF_BOUNDS:\n            exception_class = MoveTargetOutOfBoundsException\n        elif status in ErrorCode.JAVASCRIPT_ERROR:\n            exception_class = JavascriptException\n        elif status in ErrorCode.SESSION_NOT_CREATED:\n            exception_class = SessionNotCreatedException\n        elif status in ErrorCode.INVALID_ARGUMENT:\n            exception_class = InvalidArgumentException\n        elif status in ErrorCode.NO_SUCH_COOKIE:\n            exception_class = NoSuchCookieException\n        elif status in ErrorCode.UNABLE_TO_CAPTURE_SCREEN:\n            exception_class = ScreenshotException\n        elif status in ErrorCode.ELEMENT_CLICK_INTERCEPTED:\n            exception_class = ElementClickInterceptedException\n        elif status in ErrorCode.INSECURE_CERTIFICATE:\n            exception_class = InsecureCertificateException\n        elif status in ErrorCode.INVALID_COORDINATES:\n            exception_class = InvalidCoordinatesException\n        elif status in ErrorCode.INVALID_SESSION_ID:\n            exception_class = InvalidSessionIdException\n        elif status in ErrorCode.UNKNOWN_METHOD:\n            exception_class = UnknownMethodException\n        else:\n            exception_class = WebDriverException\n        if not value:\n            value = response['value']\n        if isinstance(value, str):\n            raise exception_class(value)\n        if message == \"\" and 'message' in value:\n            message = value['message']\n    \n        screen = None  # type: ignore[assignment]\n        if 'screen' in value:\n            screen = value['screen']\n    \n        stacktrace = None\n        st_value = value.get('stackTrace') or value.get('stacktrace')\n        if st_value:\n            if isinstance(st_value, str):\n                stacktrace = st_value.split('\\n')\n            else:\n                stacktrace = []\n                try:\n                    for frame in st_value:\n                        line = self._value_or_default(frame, 'lineNumber', '')\n                        file = self._value_or_default(frame, 'fileName', '<anonymous>')\n                        if line:\n                            file = \"%s:%s\" % (file, line)\n                        meth = self._value_or_default(frame, 'methodName', '<anonymous>')\n                        if 'className' in frame:\n                            meth = \"%s.%s\" % (frame['className'], meth)\n                        msg = \"    at %s (%s)\"\n                        msg = msg % (meth, file)\n                        stacktrace.append(msg)\n                except TypeError:\n                    pass\n        if exception_class == UnexpectedAlertPresentException:\n            alert_text = None\n            if 'data' in value:\n                alert_text = value['data'].get('text')\n            elif 'alert' in value:\n                alert_text = value['alert'].get('text')\n            raise exception_class(message, screen, stacktrace, alert_text)  # type: ignore[call-arg]  # mypy is not smart enough here\n>       raise exception_class(message, screen, stacktrace)\nE       selenium.common.exceptions.WebDriverException: Message: unknown error: Chrome failed to start: exited abnormally.\nE         (unknown error: DevToolsActivePort file doesn't exist)\nE         (The process started from chrome location /usr/bin/google-chrome is no longer running, so ChromeDriver is assuming that Chrome has crashed.)\nE       Stacktrace:\nE       #0 0x558d7e283533 <unknown>\nE       #1 0x558d7dfe21e8 <unknown>\nE       #2 0x558d7e00554a <unknown>\nE       #3 0x558d7e000c4a <unknown>\nE       #4 0x558d7e03bd0a <unknown>\nE       #5 0x558d7e035e33 <unknown>\nE       #6 0x558d7e00b71a <unknown>\nE       #7 0x558d7e00c875 <unknown>\nE       #8 0x558d7e2c7e1d <unknown>\nE       #9 0x558d7e2cb751 <unknown>\nE       #10 0x558d7e2b207e <unknown>\nE       #11 0x558d7e2cc388 <unknown>\nE       #12 0x558d7e2a6fe0 <unknown>\nE       #13 0x558d7e2e8748 <unknown>\nE       #14 0x558d7e2e88c8 <unknown>\nE       #15 0x558d7e30270d <unknown>\nE       #16 0x7f566a04d609 <unknown>\n\n/opt/hostedtoolcache/Python/3.10.4/x64/lib/python3.10/site-packages/selenium/webdriver/remote/errorhandler.py:247: WebDriverException","flaky":false,"newFailed":false,"newBroken":true,"newPassed":false,"retriesCount":0,"retriesStatusChange":false,"beforeStages":[{"name":"get_webdriver","time":{"start":1654261682461,"stop":1654261683809,"duration":1348},"status":"broken","statusMessage":"selenium.common.exceptions.WebDriverException: Message: unknown error: Chrome failed to start: exited abnormally.\n  (unknown error: DevToolsActivePort file doesn't exist)\n  (The process started from chrome location /usr/bin/google-chrome is no longer running, so ChromeDriver is assuming that Chrome has crashed.)\nStacktrace:\n#0 0x558d7e283533 <unknown>\n#1 0x558d7dfe21e8 <unknown>\n#2 0x558d7e00554a <unknown>\n#3 0x558d7e000c4a <unknown>\n#4 0x558d7e03bd0a <unknown>\n#5 0x558d7e035e33 <unknown>\n#6 0x558d7e00b71a <unknown>\n#7 0x558d7e00c875 <unknown>\n#8 0x558d7e2c7e1d <unknown>\n#9 0x558d7e2cb751 <unknown>\n#10 0x558d7e2b207e <unknown>\n#11 0x558d7e2cc388 <unknown>\n#12 0x558d7e2a6fe0 <unknown>\n#13 0x558d7e2e8748 <unknown>\n#14 0x558d7e2e88c8 <unknown>\n#15 0x558d7e30270d <unknown>\n#16 0x7f566a04d609 <unknown>\n\n","statusTrace":"  File \"/opt/hostedtoolcache/Python/3.10.4/x64/lib/python3.10/site-packages/pluggy/_callers.py\", line 39, in _multicall\n    res = hook_impl.function(*args)\n  File \"/opt/hostedtoolcache/Python/3.10.4/x64/lib/python3.10/site-packages/_pytest/fixtures.py\", line 1111, in pytest_fixture_setup\n    result = call_fixture_func(fixturefunc, request, kwargs)\n  File \"/opt/hostedtoolcache/Python/3.10.4/x64/lib/python3.10/site-packages/_pytest/fixtures.py\", line 890, in call_fixture_func\n    fixture_result = fixturefunc(**kwargs)\n  File \"/home/runner/work/python_test/python_test/conftest.py\", line 22, in get_webdriver\n    driver = webdriver.Chrome(options=options)\n  File \"/opt/hostedtoolcache/Python/3.10.4/x64/lib/python3.10/site-packages/selenium/webdriver/chrome/webdriver.py\", line 70, in __init__\n    super(WebDriver, self).__init__(DesiredCapabilities.CHROME['browserName'], \"goog\",\n  File \"/opt/hostedtoolcache/Python/3.10.4/x64/lib/python3.10/site-packages/selenium/webdriver/chromium/webdriver.py\", line 92, in __init__\n    RemoteWebDriver.__init__(\n  File \"/opt/hostedtoolcache/Python/3.10.4/x64/lib/python3.10/site-packages/selenium/webdriver/remote/webdriver.py\", line 275, in __init__\n    self.start_session(capabilities, browser_profile)\n  File \"/opt/hostedtoolcache/Python/3.10.4/x64/lib/python3.10/site-packages/selenium/webdriver/remote/webdriver.py\", line 365, in start_session\n    response = self.execute(Command.NEW_SESSION, parameters)\n  File \"/opt/hostedtoolcache/Python/3.10.4/x64/lib/python3.10/site-packages/selenium/webdriver/remote/webdriver.py\", line 430, in execute\n    self.error_handler.check_response(response)\n  File \"/opt/hostedtoolcache/Python/3.10.4/x64/lib/python3.10/site-packages/selenium/webdriver/remote/errorhandler.py\", line 247, in check_response\n    raise exception_class(message, screen, stacktrace)\n","steps":[],"attachments":[],"parameters":[],"stepsCount":0,"attachmentsCount":0,"shouldDisplayMessage":true,"hasContent":true},{"name":"get_chrome_options","time":{"start":1654261682461,"stop":1654261682461,"duration":0},"status":"passed","steps":[],"attachments":[],"parameters":[],"stepsCount":0,"attachmentsCount":0,"shouldDisplayMessage":false,"hasContent":false}],"afterStages":[],"labels":[{"name":"feature","value":"Базовое тестирование"},{"name":"story","value":"1) Авторизация в системе T4MP.v2"},{"name":"severity","value":"blocker"},{"name":"parentSuite","value":"test_t4.test_common_bases"},{"name":"suite","value":"test_1_login"},{"name":"host","value":"fv-az224-279"},{"name":"thread","value":"2680-MainThread"},{"name":"framework","value":"pytest"},{"name":"language","value":"cpython3"},{"name":"package","value":"test_t4.test_common_bases.test_1_login"},{"name":"resultFormat","value":"allure2"}],"parameters":[],"links":[],"hidden":false,"retry":false,"extra":{"severity":"blocker","retries":[],"categories":[{"name":"Test defects","matchedStatuses":[],"flaky":false}],"history":{"statistic":{"failed":0,"broken":2,"skipped":0,"passed":18,"unknown":0,"total":20},"items":[{"uid":"7a7b01dc9c2d7f69","reportUrl":"https://golosin.github.io/python_test/110//#testresult/7a7b01dc9c2d7f69","status":"passed","time":{"start":1654253422402,"stop":1654253423521,"duration":1119}},{"uid":"e21bf398d95b315d","reportUrl":"https://golosin.github.io/python_test/109//#testresult/e21bf398d95b315d","status":"passed","time":{"start":1654253023020,"stop":1654253024201,"duration":1181}},{"uid":"4c79050d370db310","reportUrl":"https://golosin.github.io/python_test/108//#testresult/4c79050d370db310","status":"broken","statusDetails":"selenium.common.exceptions.WebDriverException: Message: unknown error: Chrome failed to start: exited abnormally.\n  (unknown error: DevToolsActivePort file doesn't exist)\n  (The process started from chrome location /usr/bin/google-chrome is no longer running, so ChromeDriver is assuming that Chrome has crashed.)\nStacktrace:\n#0 0x55ad7883e533 <unknown>\n#1 0x55ad7859d1e8 <unknown>\n#2 0x55ad785c054a <unknown>\n#3 0x55ad785bbc4a <unknown>\n#4 0x55ad785f6d0a <unknown>\n#5 0x55ad785f0e33 <unknown>\n#6 0x55ad785c671a <unknown>\n#7 0x55ad785c7875 <unknown>\n#8 0x55ad78882e1d <unknown>\n#9 0x55ad78886751 <unknown>\n#10 0x55ad7886d07e <unknown>\n#11 0x55ad78887388 <unknown>\n#12 0x55ad78861fe0 <unknown>\n#13 0x55ad788a3748 <unknown>\n#14 0x55ad788a38c8 <unknown>\n#15 0x55ad788bd70d <unknown>\n#16 0x7f3c107d0609 <unknown>","time":{"start":1654250469921,"stop":1654250469921,"duration":0}},{"uid":"dbde3e22c1093af8","reportUrl":"https://golosin.github.io/python_test/107//#testresult/dbde3e22c1093af8","status":"passed","time":{"start":1654249252638,"stop":1654249253585,"duration":947}},{"uid":"a84c48d6721771f3","reportUrl":"https://golosin.github.io/python_test/106//#testresult/a84c48d6721771f3","status":"passed","time":{"start":1654248915102,"stop":1654248916615,"duration":1513}},{"uid":"98e0cc45c434a70b","reportUrl":"https://golosin.github.io/python_test/105//#testresult/98e0cc45c434a70b","status":"passed","time":{"start":1654248579216,"stop":1654248580224,"duration":1008}},{"uid":"80ecb03b83ded2f7","reportUrl":"https://golosin.github.io/python_test/104//#testresult/80ecb03b83ded2f7","status":"passed","time":{"start":1654241343769,"stop":1654241344768,"duration":999}},{"uid":"3a49f11c9fb8d4a","reportUrl":"https://golosin.github.io/python_test/103//#testresult/3a49f11c9fb8d4a","status":"passed","time":{"start":1654239943017,"stop":1654239943932,"duration":915}},{"uid":"cac11eb7b20a4694","reportUrl":"https://golosin.github.io/python_test/102//#testresult/cac11eb7b20a4694","status":"passed","time":{"start":1654239614028,"stop":1654239615031,"duration":1003}},{"uid":"c3e1528edef30452","reportUrl":"https://golosin.github.io/python_test/101//#testresult/c3e1528edef30452","status":"passed","time":{"start":1654202871327,"stop":1654202872229,"duration":902}},{"uid":"7c0b31cb5a57f229","reportUrl":"https://golosin.github.io/python_test/100//#testresult/7c0b31cb5a57f229","status":"passed","time":{"start":1654202568596,"stop":1654202569505,"duration":909}},{"uid":"1e42d0b2340638d9","reportUrl":"https://golosin.github.io/python_test/99//#testresult/1e42d0b2340638d9","status":"passed","time":{"start":1654202159507,"stop":1654202161440,"duration":1933}},{"uid":"fef00ef544171e75","reportUrl":"https://golosin.github.io/python_test/98//#testresult/fef00ef544171e75","status":"passed","time":{"start":1654197622745,"stop":1654197622745,"duration":0}},{"uid":"23a627475c6a68ca","reportUrl":"https://golosin.github.io/python_test/97//#testresult/23a627475c6a68ca","status":"passed","time":{"start":1654197349258,"stop":1654197349258,"duration":0}},{"uid":"4fd911dde9b88e30","reportUrl":"https://golosin.github.io/python_test/96//#testresult/4fd911dde9b88e30","status":"passed","time":{"start":1654196412422,"stop":1654196412423,"duration":1}},{"uid":"44c9da57a1fdf344","reportUrl":"https://golosin.github.io/python_test/95//#testresult/44c9da57a1fdf344","status":"passed","time":{"start":1654195967385,"stop":1654195967385,"duration":0}},{"uid":"61d30a980746845d","reportUrl":"https://golosin.github.io/python_test/94//#testresult/61d30a980746845d","status":"passed","time":{"start":1654195463667,"stop":1654195463667,"duration":0}},{"uid":"ce6029e7a8394382","reportUrl":"https://golosin.github.io/python_test/93//#testresult/ce6029e7a8394382","status":"passed","time":{"start":1654195302340,"stop":1654195302340,"duration":0}},{"uid":"3a6aa523d448aa54","reportUrl":"https://golosin.github.io/python_test/92//#testresult/3a6aa523d448aa54","status":"passed","time":{"start":1654195054561,"stop":1654195054561,"duration":0}}]},"tags":[]},"source":"6ef2b687e8ab3a9e.json","parameterValues":[]}